[0.210s] Invoking command in '/home/vm/ros2_ws/src/my_robot_controller': PYTHONPATH=/home/vm/ros2_ws/build/my_robot_controller/prefix_override:/home/vm/ros2_ws/install/my_robot_controller/lib/python3.10/site-packages:${PYTHONPATH} /usr/bin/python3 -W ignore:setup.py install is deprecated setup.py egg_info --egg-base ../../build/my_robot_controller build --build-base /home/vm/ros2_ws/build/my_robot_controller/build install --record /home/vm/ros2_ws/build/my_robot_controller/install.log --single-version-externally-managed install_data
[0.289s] running egg_info
[0.289s] creating ../../build/my_robot_controller/my_robot_controller.egg-info
[0.289s] writing ../../build/my_robot_controller/my_robot_controller.egg-info/PKG-INFO
[0.289s] writing dependency_links to ../../build/my_robot_controller/my_robot_controller.egg-info/dependency_links.txt
[0.290s] writing entry points to ../../build/my_robot_controller/my_robot_controller.egg-info/entry_points.txt
[0.290s] writing requirements to ../../build/my_robot_controller/my_robot_controller.egg-info/requires.txt
[0.290s] writing top-level names to ../../build/my_robot_controller/my_robot_controller.egg-info/top_level.txt
[0.290s] writing manifest file '../../build/my_robot_controller/my_robot_controller.egg-info/SOURCES.txt'
[0.290s] reading manifest file '../../build/my_robot_controller/my_robot_controller.egg-info/SOURCES.txt'
[0.291s] writing manifest file '../../build/my_robot_controller/my_robot_controller.egg-info/SOURCES.txt'
[0.291s] running build
[0.291s] running build_py
[0.291s] creating /home/vm/ros2_ws/build/my_robot_controller/build
[0.291s] creating /home/vm/ros2_ws/build/my_robot_controller/build/lib
[0.291s] creating /home/vm/ros2_ws/build/my_robot_controller/build/lib/my_robot_controller
[0.292s] copying my_robot_controller/__init__.py -> /home/vm/ros2_ws/build/my_robot_controller/build/lib/my_robot_controller
[0.292s] copying my_robot_controller/my_first_node.py -> /home/vm/ros2_ws/build/my_robot_controller/build/lib/my_robot_controller
[0.292s] running install
[0.292s] running install_lib
[0.292s] creating /home/vm/ros2_ws/install/my_robot_controller/lib/python3.10/site-packages/my_robot_controller
[0.292s] copying /home/vm/ros2_ws/build/my_robot_controller/build/lib/my_robot_controller/__init__.py -> /home/vm/ros2_ws/install/my_robot_controller/lib/python3.10/site-packages/my_robot_controller
[0.292s] copying /home/vm/ros2_ws/build/my_robot_controller/build/lib/my_robot_controller/my_first_node.py -> /home/vm/ros2_ws/install/my_robot_controller/lib/python3.10/site-packages/my_robot_controller
[0.292s] byte-compiling /home/vm/ros2_ws/install/my_robot_controller/lib/python3.10/site-packages/my_robot_controller/__init__.py to __init__.cpython-310.pyc
[0.293s] byte-compiling /home/vm/ros2_ws/install/my_robot_controller/lib/python3.10/site-packages/my_robot_controller/my_first_node.py to my_first_node.cpython-310.pyc
[0.293s] running install_data
[0.293s] running install_egg_info
[0.293s] Copying ../../build/my_robot_controller/my_robot_controller.egg-info to /home/vm/ros2_ws/install/my_robot_controller/lib/python3.10/site-packages/my_robot_controller-0.0.0-py3.10.egg-info
[0.293s] running install_scripts
[0.299s] Installing test_node script to /home/vm/ros2_ws/install/my_robot_controller/lib/my_robot_controller
[0.299s] writing list of installed files to '/home/vm/ros2_ws/build/my_robot_controller/install.log'
[0.308s] Invoked command in '/home/vm/ros2_ws/src/my_robot_controller' returned '0': PYTHONPATH=/home/vm/ros2_ws/build/my_robot_controller/prefix_override:/home/vm/ros2_ws/install/my_robot_controller/lib/python3.10/site-packages:${PYTHONPATH} /usr/bin/python3 -W ignore:setup.py install is deprecated setup.py egg_info --egg-base ../../build/my_robot_controller build --build-base /home/vm/ros2_ws/build/my_robot_controller/build install --record /home/vm/ros2_ws/build/my_robot_controller/install.log --single-version-externally-managed install_data
