[0.262s] Invoking command in '/home/parallels/ros2_ws/src/my_robot_controller': PYTHONPATH=/home/parallels/ros2_ws/build/my_robot_controller/prefix_override:/home/parallels/ros2_ws/install/my_robot_controller/lib/python3.10/site-packages:${PYTHONPATH} /usr/bin/python3 -W ignore:setup.py install is deprecated setup.py egg_info --egg-base ../../build/my_robot_controller build --build-base /home/parallels/ros2_ws/build/my_robot_controller/build install --record /home/parallels/ros2_ws/build/my_robot_controller/install.log --single-version-externally-managed install_data
[0.342s] running egg_info
[0.343s] creating ../../build/my_robot_controller/my_robot_controller.egg-info
[0.343s] writing ../../build/my_robot_controller/my_robot_controller.egg-info/PKG-INFO
[0.344s] writing dependency_links to ../../build/my_robot_controller/my_robot_controller.egg-info/dependency_links.txt
[0.344s] writing entry points to ../../build/my_robot_controller/my_robot_controller.egg-info/entry_points.txt
[0.344s] writing requirements to ../../build/my_robot_controller/my_robot_controller.egg-info/requires.txt
[0.344s] writing top-level names to ../../build/my_robot_controller/my_robot_controller.egg-info/top_level.txt
[0.345s] writing manifest file '../../build/my_robot_controller/my_robot_controller.egg-info/SOURCES.txt'
[0.345s] reading manifest file '../../build/my_robot_controller/my_robot_controller.egg-info/SOURCES.txt'
[0.346s] writing manifest file '../../build/my_robot_controller/my_robot_controller.egg-info/SOURCES.txt'
[0.346s] running build
[0.346s] running build_py
[0.346s] creating /home/parallels/ros2_ws/build/my_robot_controller/build
[0.346s] creating /home/parallels/ros2_ws/build/my_robot_controller/build/lib
[0.346s] creating /home/parallels/ros2_ws/build/my_robot_controller/build/lib/my_robot_controller
[0.346s] copying my_robot_controller/__init__.py -> /home/parallels/ros2_ws/build/my_robot_controller/build/lib/my_robot_controller
[0.347s] running install
[0.347s] running install_lib
[0.347s] creating /home/parallels/ros2_ws/install/my_robot_controller/lib/python3.10/site-packages/my_robot_controller
[0.347s] copying /home/parallels/ros2_ws/build/my_robot_controller/build/lib/my_robot_controller/__init__.py -> /home/parallels/ros2_ws/install/my_robot_controller/lib/python3.10/site-packages/my_robot_controller
[0.347s] byte-compiling /home/parallels/ros2_ws/install/my_robot_controller/lib/python3.10/site-packages/my_robot_controller/__init__.py to __init__.cpython-310.pyc
[0.349s] running install_data
[0.349s] creating /home/parallels/ros2_ws/install/my_robot_controller/share/ament_index
[0.349s] creating /home/parallels/ros2_ws/install/my_robot_controller/share/ament_index/resource_index
[0.349s] creating /home/parallels/ros2_ws/install/my_robot_controller/share/ament_index/resource_index/packages
[0.349s] copying resource/my_robot_controller -> /home/parallels/ros2_ws/install/my_robot_controller/share/ament_index/resource_index/packages
[0.349s] copying package.xml -> /home/parallels/ros2_ws/install/my_robot_controller/share/my_robot_controller
[0.349s] running install_egg_info
[0.350s] Copying ../../build/my_robot_controller/my_robot_controller.egg-info to /home/parallels/ros2_ws/install/my_robot_controller/lib/python3.10/site-packages/my_robot_controller-0.0.0-py3.10.egg-info
[0.352s] running install_scripts
[0.361s] writing list of installed files to '/home/parallels/ros2_ws/build/my_robot_controller/install.log'
[0.371s] Invoked command in '/home/parallels/ros2_ws/src/my_robot_controller' returned '0': PYTHONPATH=/home/parallels/ros2_ws/build/my_robot_controller/prefix_override:/home/parallels/ros2_ws/install/my_robot_controller/lib/python3.10/site-packages:${PYTHONPATH} /usr/bin/python3 -W ignore:setup.py install is deprecated setup.py egg_info --egg-base ../../build/my_robot_controller build --build-base /home/parallels/ros2_ws/build/my_robot_controller/build install --record /home/parallels/ros2_ws/build/my_robot_controller/install.log --single-version-externally-managed install_data
