[0.220s] Invoking command in '/home/vm/ros2_ws/build/my_robot_controller': PYTHONPATH=/home/vm/ros2_ws/build/my_robot_controller/prefix_override:/home/vm/ros2_ws/install/my_robot_controller/lib/python3.10/site-packages:${PYTHONPATH} /usr/bin/python3 -W ignore:setup.py install is deprecated setup.py develop --editable --build-directory /home/vm/ros2_ws/build/my_robot_controller/build --no-deps symlink_data
[0.311s] running develop
[0.311s] /usr/lib/python3/dist-packages/setuptools/command/easy_install.py:158: EasyInstallDeprecationWarning: easy_install command is deprecated. Use build and pip and other standards-based tools.
[0.312s]   warnings.warn(
[0.362s] running egg_info
[0.362s] writing my_robot_controller.egg-info/PKG-INFO
[0.363s] writing dependency_links to my_robot_controller.egg-info/dependency_links.txt
[0.363s] writing entry points to my_robot_controller.egg-info/entry_points.txt
[0.363s] writing requirements to my_robot_controller.egg-info/requires.txt
[0.363s] writing top-level names to my_robot_controller.egg-info/top_level.txt
[0.363s] reading manifest file 'my_robot_controller.egg-info/SOURCES.txt'
[0.364s] writing manifest file 'my_robot_controller.egg-info/SOURCES.txt'
[0.364s] running build_ext
[0.364s] Creating /home/vm/ros2_ws/install/my_robot_controller/lib/python3.10/site-packages/my-robot-controller.egg-link (link to .)
[0.365s] Installing draw_circle script to /home/vm/ros2_ws/install/my_robot_controller/lib/my_robot_controller
[0.365s] Installing pose_subscriber = my_robot_controller.pose_subscriber:mainturtle_controller script to /home/vm/ros2_ws/install/my_robot_controller/lib/my_robot_controller
[0.365s] Installing test_node script to /home/vm/ros2_ws/install/my_robot_controller/lib/my_robot_controller
[0.365s] 
[0.365s] Installed /home/vm/ros2_ws/build/my_robot_controller
[0.365s] running symlink_data
[0.376s] Invoked command in '/home/vm/ros2_ws/build/my_robot_controller' returned '0': PYTHONPATH=/home/vm/ros2_ws/build/my_robot_controller/prefix_override:/home/vm/ros2_ws/install/my_robot_controller/lib/python3.10/site-packages:${PYTHONPATH} /usr/bin/python3 -W ignore:setup.py install is deprecated setup.py develop --editable --build-directory /home/vm/ros2_ws/build/my_robot_controller/build --no-deps symlink_data
