[0.217s] Invoking command in '/home/vm/ros2_ws/build/my_robot_controller': PYTHONPATH=/home/vm/ros2_ws/build/my_robot_controller/prefix_override:/home/vm/ros2_ws/install/my_robot_controller/lib/python3.10/site-packages:${PYTHONPATH} /usr/bin/python3 -W ignore:setup.py install is deprecated setup.py develop --editable --build-directory /home/vm/ros2_ws/build/my_robot_controller/build --no-deps symlink_data
[0.308s] running develop
[0.309s] /usr/lib/python3/dist-packages/setuptools/command/easy_install.py:158: EasyInstallDeprecationWarning: easy_install command is deprecated. Use build and pip and other standards-based tools.
[0.309s]   warnings.warn(
[0.357s] running egg_info
[0.357s] writing my_robot_controller.egg-info/PKG-INFO
[0.358s] writing dependency_links to my_robot_controller.egg-info/dependency_links.txt
[0.358s] writing entry points to my_robot_controller.egg-info/entry_points.txt
[0.358s] writing requirements to my_robot_controller.egg-info/requires.txt
[0.358s] writing top-level names to my_robot_controller.egg-info/top_level.txt
[0.358s] reading manifest file 'my_robot_controller.egg-info/SOURCES.txt'
[0.359s] writing manifest file 'my_robot_controller.egg-info/SOURCES.txt'
[0.359s] running build_ext
[0.359s] Creating /home/vm/ros2_ws/install/my_robot_controller/lib/python3.10/site-packages/my-robot-controller.egg-link (link to .)
[0.360s] Installing draw_circle script to /home/vm/ros2_ws/install/my_robot_controller/lib/my_robot_controller
[0.360s] Installing pose_subscriber script to /home/vm/ros2_ws/install/my_robot_controller/lib/my_robot_controller
[0.360s] Installing test_node script to /home/vm/ros2_ws/install/my_robot_controller/lib/my_robot_controller
[0.360s] Installing turtle_controller script to /home/vm/ros2_ws/install/my_robot_controller/lib/my_robot_controller
[0.360s] 
[0.360s] Installed /home/vm/ros2_ws/build/my_robot_controller
[0.360s] running symlink_data
[0.371s] Invoked command in '/home/vm/ros2_ws/build/my_robot_controller' returned '0': PYTHONPATH=/home/vm/ros2_ws/build/my_robot_controller/prefix_override:/home/vm/ros2_ws/install/my_robot_controller/lib/python3.10/site-packages:${PYTHONPATH} /usr/bin/python3 -W ignore:setup.py install is deprecated setup.py develop --editable --build-directory /home/vm/ros2_ws/build/my_robot_controller/build --no-deps symlink_data
