[0.231s] Invoking command in '/home/vm/ros2_ws/build/my_robot_controller': PYTHONPATH=/home/vm/ros2_ws/build/my_robot_controller/prefix_override:/home/vm/ros2_ws/install/my_robot_controller/lib/python3.10/site-packages:${PYTHONPATH} /usr/bin/python3 -W ignore:setup.py install is deprecated setup.py develop --editable --build-directory /home/vm/ros2_ws/build/my_robot_controller/build --no-deps symlink_data
[0.331s] running develop
[0.332s] /usr/lib/python3/dist-packages/setuptools/command/easy_install.py:158: EasyInstallDeprecationWarning: easy_install command is deprecated. Use build and pip and other standards-based tools.
[0.332s]   warnings.warn(
[0.382s] running egg_info
[0.382s] writing my_robot_controller.egg-info/PKG-INFO
[0.382s] writing dependency_links to my_robot_controller.egg-info/dependency_links.txt
[0.383s] writing entry points to my_robot_controller.egg-info/entry_points.txt
[0.383s] writing requirements to my_robot_controller.egg-info/requires.txt
[0.383s] writing top-level names to my_robot_controller.egg-info/top_level.txt
[0.384s] reading manifest file 'my_robot_controller.egg-info/SOURCES.txt'
[0.385s] writing manifest file 'my_robot_controller.egg-info/SOURCES.txt'
[0.385s] running build_ext
[0.386s] Creating /home/vm/ros2_ws/install/my_robot_controller/lib/python3.10/site-packages/my-robot-controller.egg-link (link to .)
[0.386s] Installing draw_circle script to /home/vm/ros2_ws/install/my_robot_controller/lib/my_robot_controller
[0.386s] Installing pose_subscriber script to /home/vm/ros2_ws/install/my_robot_controller/lib/my_robot_controller
[0.387s] Installing test_node script to /home/vm/ros2_ws/install/my_robot_controller/lib/my_robot_controller
[0.387s] Installing turtle_controller script to /home/vm/ros2_ws/install/my_robot_controller/lib/my_robot_controller
[0.387s] 
[0.387s] Installed /home/vm/ros2_ws/build/my_robot_controller
[0.387s] running symlink_data
[0.400s] Invoked command in '/home/vm/ros2_ws/build/my_robot_controller' returned '0': PYTHONPATH=/home/vm/ros2_ws/build/my_robot_controller/prefix_override:/home/vm/ros2_ws/install/my_robot_controller/lib/python3.10/site-packages:${PYTHONPATH} /usr/bin/python3 -W ignore:setup.py install is deprecated setup.py develop --editable --build-directory /home/vm/ros2_ws/build/my_robot_controller/build --no-deps symlink_data
