[0.267s] Invoking command in '/home/vm/ros2_ws/build/my_robot_controller': PYTHONPATH=/home/vm/ros2_ws/build/my_robot_controller/prefix_override:/home/vm/ros2_ws/install/my_robot_controller/lib/python3.10/site-packages:${PYTHONPATH} /usr/bin/python3 -W ignore:setup.py install is deprecated setup.py develop --editable --build-directory /home/vm/ros2_ws/build/my_robot_controller/build --no-deps symlink_data
[0.361s] running develop
[0.362s] /usr/lib/python3/dist-packages/setuptools/command/easy_install.py:158: EasyInstallDeprecationWarning: easy_install command is deprecated. Use build and pip and other standards-based tools.
[0.362s]   warnings.warn(
[0.417s] running egg_info
[0.417s] writing my_robot_controller.egg-info/PKG-INFO
[0.418s] writing dependency_links to my_robot_controller.egg-info/dependency_links.txt
[0.418s] writing entry points to my_robot_controller.egg-info/entry_points.txt
[0.418s] writing requirements to my_robot_controller.egg-info/requires.txt
[0.419s] writing top-level names to my_robot_controller.egg-info/top_level.txt
[0.420s] reading manifest file 'my_robot_controller.egg-info/SOURCES.txt'
[0.420s] writing manifest file 'my_robot_controller.egg-info/SOURCES.txt'
[0.421s] running build_ext
[0.422s] Creating /home/vm/ros2_ws/install/my_robot_controller/lib/python3.10/site-packages/my-robot-controller.egg-link (link to .)
[0.422s] Installing draw_circle script to /home/vm/ros2_ws/install/my_robot_controller/lib/my_robot_controller
[0.422s] Installing test_node script to /home/vm/ros2_ws/install/my_robot_controller/lib/my_robot_controller
[0.423s] 
[0.423s] Installed /home/vm/ros2_ws/build/my_robot_controller
[0.423s] running symlink_data
[0.437s] Invoked command in '/home/vm/ros2_ws/build/my_robot_controller' returned '0': PYTHONPATH=/home/vm/ros2_ws/build/my_robot_controller/prefix_override:/home/vm/ros2_ws/install/my_robot_controller/lib/python3.10/site-packages:${PYTHONPATH} /usr/bin/python3 -W ignore:setup.py install is deprecated setup.py develop --editable --build-directory /home/vm/ros2_ws/build/my_robot_controller/build --no-deps symlink_data
